Classic Timing Analyzer report for lab1
Wed Nov 23 22:39:00 2022
Quartus II Version 9.1 Build 350 03/24/2010 Service Pack 2 SJ Web Edition


---------------------
; Table of Contents ;
---------------------
  1. Legal Notice
  2. Timing Analyzer Summary
  3. Timing Analyzer Settings
  4. Parallel Compilation
  5. tpd
  6. Timing Analyzer Messages



----------------
; Legal Notice ;
----------------
Copyright (C) 1991-2010 Altera Corporation
Your use of Altera Corporation's design tools, logic functions 
and other software and tools, and its AMPP partner logic 
functions, and any output files from any of the foregoing 
(including device programming or simulation files), and any 
associated documentation or information are expressly subject 
to the terms and conditions of the Altera Program License 
Subscription Agreement, Altera MegaCore Function License 
Agreement, or other applicable license agreement, including, 
without limitation, that your use is for the sole purpose of 
programming logic devices manufactured by Altera and sold by 
Altera or its authorized distributors.  Please refer to the 
applicable agreement for further details.



+-----------------------------------------------------------------------------------------------------------------------------+
; Timing Analyzer Summary                                                                                                     ;
+------------------------------+-------+---------------+-------------+-------+---------+------------+----------+--------------+
; Type                         ; Slack ; Required Time ; Actual Time ; From  ; To      ; From Clock ; To Clock ; Failed Paths ;
+------------------------------+-------+---------------+-------------+-------+---------+------------+----------+--------------+
; Worst-case tpd               ; N/A   ; None          ; 10.298 ns   ; SW[2] ; HEX0[0] ; --         ; --       ; 0            ;
; Total number of failed paths ;       ;               ;             ;       ;         ;            ;          ; 0            ;
+------------------------------+-------+---------------+-------------+-------+---------+------------+----------+--------------+


+-----------------------------------------------------------------------------------------------------------------------------------------------------+
; Timing Analyzer Settings                                                                                                                            ;
+------------------------------------------------------------------------------------------------------+--------------------+------+----+-------------+
; Option                                                                                               ; Setting            ; From ; To ; Entity Name ;
+------------------------------------------------------------------------------------------------------+--------------------+------+----+-------------+
; Device Name                                                                                          ; EP2S15F484C3       ;      ;    ;             ;
; Timing Models                                                                                        ; Final              ;      ;    ;             ;
; Default hold multicycle                                                                              ; Same as Multicycle ;      ;    ;             ;
; Cut paths between unrelated clock domains                                                            ; On                 ;      ;    ;             ;
; Cut off read during write signal paths                                                               ; On                 ;      ;    ;             ;
; Cut off feedback from I/O pins                                                                       ; On                 ;      ;    ;             ;
; Report Combined Fast/Slow Timing                                                                     ; Off                ;      ;    ;             ;
; Ignore Clock Settings                                                                                ; Off                ;      ;    ;             ;
; Analyze latches as synchronous elements                                                              ; On                 ;      ;    ;             ;
; Enable Recovery/Removal analysis                                                                     ; Off                ;      ;    ;             ;
; Enable Clock Latency                                                                                 ; Off                ;      ;    ;             ;
; Use TimeQuest Timing Analyzer                                                                        ; Off                ;      ;    ;             ;
; Number of source nodes to report per destination node                                                ; 10                 ;      ;    ;             ;
; Number of destination nodes to report                                                                ; 10                 ;      ;    ;             ;
; Number of paths to report                                                                            ; 200                ;      ;    ;             ;
; Report Minimum Timing Checks                                                                         ; Off                ;      ;    ;             ;
; Use Fast Timing Models                                                                               ; Off                ;      ;    ;             ;
; Report IO Paths Separately                                                                           ; Off                ;      ;    ;             ;
; Perform Multicorner Analysis                                                                         ; On                 ;      ;    ;             ;
; Reports the worst-case path for each clock domain and analysis                                       ; Off                ;      ;    ;             ;
; Reports worst-case timing paths for each clock domain and analysis                                   ; Off                ;      ;    ;             ;
; Specifies the maximum number of worst-case timing paths to report for each clock domain and analysis ; 100                ;      ;    ;             ;
; Removes common clock path pessimism (CCPP) during slack computation                                  ; Off                ;      ;    ;             ;
; Output I/O Timing Endpoint                                                                           ; Near End           ;      ;    ;             ;
; Enables Advanced I/O Timing                                                                          ; On                 ;      ;    ;             ;
+------------------------------------------------------------------------------------------------------+--------------------+------+----+-------------+


Parallel compilation was disabled, but you have multiple processors available. Enable parallel compilation to reduce compilation time.
+-------------------------------------+
; Parallel Compilation                ;
+----------------------------+--------+
; Processors                 ; Number ;
+----------------------------+--------+
; Number detected on machine ; 6      ;
; Maximum allowed            ; 1      ;
+----------------------------+--------+


+---------------------------------------------------------------+
; tpd                                                           ;
+-------+-------------------+-----------------+-------+---------+
; Slack ; Required P2P Time ; Actual P2P Time ; From  ; To      ;
+-------+-------------------+-----------------+-------+---------+
; N/A   ; None              ; 10.298 ns       ; SW[2] ; HEX0[0] ;
; N/A   ; None              ; 10.180 ns       ; SW[0] ; HEX0[0] ;
; N/A   ; None              ; 9.985 ns        ; SW[3] ; HEX0[0] ;
; N/A   ; None              ; 9.984 ns        ; SW[1] ; HEX0[0] ;
; N/A   ; None              ; 9.282 ns        ; SW[2] ; HEX0[5] ;
; N/A   ; None              ; 9.248 ns        ; SW[3] ; HEX0[5] ;
; N/A   ; None              ; 9.160 ns        ; SW[2] ; HEX0[1] ;
; N/A   ; None              ; 9.135 ns        ; SW[0] ; HEX0[5] ;
; N/A   ; None              ; 9.125 ns        ; SW[3] ; HEX0[1] ;
; N/A   ; None              ; 8.983 ns        ; SW[1] ; HEX0[5] ;
; N/A   ; None              ; 8.976 ns        ; SW[0] ; HEX0[1] ;
; N/A   ; None              ; 8.974 ns        ; SW[2] ; HEX0[2] ;
; N/A   ; None              ; 8.939 ns        ; SW[3] ; HEX0[2] ;
; N/A   ; None              ; 8.890 ns        ; SW[2] ; HEX0[3] ;
; N/A   ; None              ; 8.859 ns        ; SW[1] ; HEX0[1] ;
; N/A   ; None              ; 8.854 ns        ; SW[3] ; HEX0[3] ;
; N/A   ; None              ; 8.791 ns        ; SW[0] ; HEX0[2] ;
; N/A   ; None              ; 8.708 ns        ; SW[0] ; HEX0[3] ;
; N/A   ; None              ; 8.672 ns        ; SW[1] ; HEX0[2] ;
; N/A   ; None              ; 8.589 ns        ; SW[1] ; HEX0[3] ;
; N/A   ; None              ; 8.433 ns        ; SW[2] ; HEX0[6] ;
; N/A   ; None              ; 8.399 ns        ; SW[3] ; HEX0[6] ;
; N/A   ; None              ; 8.252 ns        ; SW[0] ; HEX0[6] ;
; N/A   ; None              ; 8.133 ns        ; SW[1] ; HEX0[6] ;
; N/A   ; None              ; 8.087 ns        ; SW[2] ; HEX0[4] ;
; N/A   ; None              ; 7.904 ns        ; SW[0] ; HEX0[4] ;
; N/A   ; None              ; 7.893 ns        ; SW[3] ; HEX0[4] ;
; N/A   ; None              ; 7.787 ns        ; SW[1] ; HEX0[4] ;
+-------+-------------------+-----------------+-------+---------+


+--------------------------+
; Timing Analyzer Messages ;
+--------------------------+
Info: *******************************************************************
Info: Running Quartus II Classic Timing Analyzer
    Info: Version 9.1 Build 350 03/24/2010 Service Pack 2 SJ Web Edition
    Info: Processing started: Wed Nov 23 22:39:00 2022
Info: Command: quartus_tan --read_settings_files=off --write_settings_files=off lab1 -c lab1 --timing_analysis_only
Info: Longest tpd from source pin "SW[2]" to destination pin "HEX0[0]" is 10.298 ns
    Info: 1: + IC(0.000 ns) + CELL(0.762 ns) = 0.762 ns; Loc. = PIN_D10; Fanout = 7; PIN Node = 'SW[2]'
    Info: 2: + IC(4.115 ns) + CELL(0.357 ns) = 5.234 ns; Loc. = LCCOMB_X26_Y21_N28; Fanout = 1; COMB Node = 'prim1:inst|WideOr6~0'
    Info: 3: + IC(3.102 ns) + CELL(1.962 ns) = 10.298 ns; Loc. = PIN_Y14; Fanout = 0; PIN Node = 'HEX0[0]'
    Info: Total cell delay = 3.081 ns ( 29.92 % )
    Info: Total interconnect delay = 7.217 ns ( 70.08 % )
Info: Quartus II Classic Timing Analyzer was successful. 0 errors, 0 warnings
    Info: Peak virtual memory: 172 megabytes
    Info: Processing ended: Wed Nov 23 22:39:00 2022
    Info: Elapsed time: 00:00:00
    Info: Total CPU time (on all processors): 00:00:00


