Flow report for lcd
Tue Nov 29 17:51:24 2022
Quartus II Version 9.1 Build 350 03/24/2010 Service Pack 2 SJ Web Edition


---------------------
; Table of Contents ;
---------------------
  1. Legal Notice
  2. Flow Summary
  3. Flow Settings
  4. Flow Non-Default Global Settings
  5. Flow Elapsed Time
  6. Flow OS Summary
  7. Flow Log



----------------
; Legal Notice ;
----------------
Copyright (C) 1991-2010 Altera Corporation
Your use of Altera Corporation's design tools, logic functions 
and other software and tools, and its AMPP partner logic 
functions, and any output files from any of the foregoing 
(including device programming or simulation files), and any 
associated documentation or information are expressly subject 
to the terms and conditions of the Altera Program License 
Subscription Agreement, Altera MegaCore Function License 
Agreement, or other applicable license agreement, including, 
without limitation, that your use is for the sole purpose of 
programming logic devices manufactured by Altera and sold by 
Altera or its authorized distributors.  Please refer to the 
applicable agreement for further details.



+-----------------------------------------------------------------------------------+
; Flow Summary                                                                      ;
+------------------------------------+----------------------------------------------+
; Flow Status                        ; Successful - Tue Nov 29 17:51:24 2022        ;
; Quartus II Version                 ; 9.1 Build 350 03/24/2010 SP 2 SJ Web Edition ;
; Revision Name                      ; lcd                                          ;
; Top-level Entity Name              ; lcd_parallel                                 ;
; Family                             ; Cyclone IV E                                 ;
; Device                             ; EP4CE115F29C7                                ;
; Timing Models                      ; Preliminary                                  ;
; Met timing requirements            ; N/A                                          ;
; Total logic elements               ; 99 / 114,480 ( < 1 % )                       ;
;     Total combinational functions  ; 87 / 114,480 ( < 1 % )                       ;
;     Dedicated logic registers      ; 69 / 114,480 ( < 1 % )                       ;
; Total registers                    ; 79                                           ;
; Total pins                         ; 44 / 529 ( 8 % )                             ;
; Total virtual pins                 ; 0                                            ;
; Total memory bits                  ; 0 / 3,981,312 ( 0 % )                        ;
; Embedded Multiplier 9-bit elements ; 0 / 532 ( 0 % )                              ;
; Total PLLs                         ; 1 / 4 ( 25 % )                               ;
+------------------------------------+----------------------------------------------+


+-----------------------------------------+
; Flow Settings                           ;
+-------------------+---------------------+
; Option            ; Setting             ;
+-------------------+---------------------+
; Start date & time ; 11/29/2022 17:50:54 ;
; Main task         ; Compilation         ;
; Revision Name     ; lcd                 ;
+-------------------+---------------------+


+----------------------------------------------------------------------------------------------------------------------------------------------+
; Flow Non-Default Global Settings                                                                                                             ;
+------------------------------------+---------------------------------------------------------+---------------+--------------+----------------+
; Assignment Name                    ; Value                                                   ; Default Value ; Entity Name  ; Section Id     ;
+------------------------------------+---------------------------------------------------------+---------------+--------------+----------------+
; COMPILER_SIGNATURE_ID              ; 92378952446091.166973345401792                          ; --            ; --           ; --             ;
; IP_TOOL_NAME                       ; ALTPLL                                                  ; --            ; --           ; --             ;
; IP_TOOL_NAME                       ; LPM_FF                                                  ; --            ; --           ; --             ;
; IP_TOOL_NAME                       ; LPM_MUX                                                 ; --            ; --           ; --             ;
; IP_TOOL_NAME                       ; LPM_COUNTER                                             ; --            ; --           ; --             ;
; IP_TOOL_VERSION                    ; 9.1                                                     ; --            ; --           ; --             ;
; IP_TOOL_VERSION                    ; 9.1                                                     ; --            ; --           ; --             ;
; IP_TOOL_VERSION                    ; 9.1                                                     ; --            ; --           ; --             ;
; IP_TOOL_VERSION                    ; 9.1                                                     ; --            ; --           ; --             ;
; MAX_CORE_JUNCTION_TEMP             ; 85                                                      ; --            ; --           ; --             ;
; MIN_CORE_JUNCTION_TEMP             ; 0                                                       ; --            ; --           ; --             ;
; MISC_FILE                          ; D:/2022 пособия бакалавриат ИИ/Схемотехника/lcd/lcd.dpf ; --            ; --           ; --             ;
; MISC_FILE                          ; pll1.bsf                                                ; --            ; --           ; --             ;
; MISC_FILE                          ; pll1_bb.v                                               ; --            ; --           ; --             ;
; MISC_FILE                          ; pll1.ppf                                                ; --            ; --           ; --             ;
; MISC_FILE                          ; ff1.bsf                                                 ; --            ; --           ; --             ;
; MISC_FILE                          ; ff1_bb.v                                                ; --            ; --           ; --             ;
; MISC_FILE                          ; lpm_mux0.bsf                                            ; --            ; --           ; --             ;
; MISC_FILE                          ; lpm_mux0_bb.v                                           ; --            ; --           ; --             ;
; MISC_FILE                          ; lpm_counter0.bsf                                        ; --            ; --           ; --             ;
; MISC_FILE                          ; lpm_counter0_bb.v                                       ; --            ; --           ; --             ;
; NOMINAL_CORE_SUPPLY_VOLTAGE        ; 1.2V                                                    ; --            ; --           ; --             ;
; PARTITION_COLOR                    ; 16764057                                                ; --            ; lcd_parallel ; Top            ;
; PARTITION_NETLIST_TYPE             ; SOURCE                                                  ; --            ; lcd_parallel ; Top            ;
; TOP_LEVEL_ENTITY                   ; lcd_parallel                                            ; lcd           ; --           ; --             ;
; USE_GENERATED_PHYSICAL_CONSTRAINTS ; Off                                                     ; --            ; --           ; eda_blast_fpga ;
+------------------------------------+---------------------------------------------------------+---------------+--------------+----------------+


+-------------------------------------------------------------------------------------------------------------------------------+
; Flow Elapsed Time                                                                                                             ;
+---------------------------+--------------+-------------------------+---------------------+------------------------------------+
; Module Name               ; Elapsed Time ; Average Processors Used ; Peak Virtual Memory ; Total CPU Time (on all processors) ;
+---------------------------+--------------+-------------------------+---------------------+------------------------------------+
; Analysis & Synthesis      ; 00:00:03     ; 1.0                     ; 232 MB              ; 00:00:03                           ;
; Fitter                    ; 00:00:19     ; 1.0                     ; 382 MB              ; 00:00:20                           ;
; Assembler                 ; 00:00:07     ; 1.0                     ; 432 MB              ; 00:00:07                           ;
; TimeQuest Timing Analyzer ; 00:00:04     ; 1.0                     ; 286 MB              ; 00:00:04                           ;
; Total                     ; 00:00:29     ; --                      ; --                  ; 00:00:30                           ;
+---------------------------+--------------+-------------------------+---------------------+------------------------------------+


+--------------------------------------------------------------------------------------------+
; Flow OS Summary                                                                            ;
+---------------------------+------------------+---------------+------------+----------------+
; Module Name               ; Machine Hostname ; OS Name       ; OS Version ; Processor type ;
+---------------------------+------------------+---------------+------------+----------------+
; Analysis & Synthesis      ; ECM-1303-7       ; Windows Vista ; 6.2        ; x86_64         ;
; Fitter                    ; ECM-1303-7       ; Windows Vista ; 6.2        ; x86_64         ;
; TimeQuest Timing Analyzer ; ECM-1303-7       ; Windows Vista ; 6.2        ; x86_64         ;
; Assembler                 ; ECM-1303-7       ; Windows Vista ; 6.2        ; x86_64         ;
+---------------------------+------------------+---------------+------------+----------------+


------------
; Flow Log ;
------------
quartus_map --read_settings_files=on --write_settings_files=off lcd -c lcd
quartus_fit --read_settings_files=off --write_settings_files=off lcd -c lcd
quartus_sta lcd -c lcd
quartus_asm --read_settings_files=off --write_settings_files=off lcd -c lcd



